# JRE version: OpenJDK Runtime Environment Corretto-11.0.14.10.1 (11.0.14.1+10) (build 11.0.14.1+10-LTS)
# Java VM: OpenJDK 64-Bit Server VM Corretto-11.0.14.10.1 (11.0.14.1+10-LTS, mixed mode, tiered, compressed oops, g1 gc, windows-amd64)
Heap:
 garbage-first heap   total 260096K, used 34279K [0x0000000702600000, 0x0000000800000000)
  region size 1024K, 22 young (22528K), 14 survivors (14336K)
 Metaspace       used 67397K, capacity 69338K, committed 69456K, reserved 1110016K
  class space    used 8438K, capacity 9191K, committed 9216K, reserved 1048576K
GC Heap History (16 events):
Event: 0.733 GC heap before
{Heap before GC invocations=0 (full 0):
 garbage-first heap   total 260096K, used 24576K [0x0000000702600000, 0x0000000800000000)
  region size 1024K, 24 young (24576K), 0 survivors (0K)
 Metaspace       used 12062K, capacity 12302K, committed 12544K, reserved 1060864K
  class space    used 1137K, capacity 1226K, committed 1280K, reserved 1048576K
}
Event: 0.737 GC heap after
{Heap after GC invocations=1 (full 0):
 garbage-first heap   total 260096K, used 7865K [0x0000000702600000, 0x0000000800000000)
  region size 1024K, 3 young (3072K), 3 survivors (3072K)
 Metaspace       used 12062K, capacity 12302K, committed 12544K, reserved 1060864K
  class space    used 1137K, capacity 1226K, committed 1280K, reserved 1048576K
}
Event: 1.810 GC heap before
{Heap before GC invocations=1 (full 0):
 garbage-first heap   total 260096K, used 60089K [0x0000000702600000, 0x0000000800000000)
  region size 1024K, 55 young (56320K), 3 survivors (3072K)
 Metaspace       used 20646K, capacity 21082K, committed 21296K, reserved 1069056K
  class space    used 2130K, capacity 2306K, committed 2432K, reserved 1048576K
}
Event: 1.816 GC heap after
{Heap after GC invocations=2 (full 0):
 garbage-first heap   total 260096K, used 9808K [0x0000000702600000, 0x0000000800000000)
  region size 1024K, 5 young (5120K), 5 survivors (5120K)
 Metaspace       used 20646K, capacity 21082K, committed 21296K, reserved 1069056K
  class space    used 2130K, capacity 2306K, committed 2432K, reserved 1048576K
}
Event: 2.516 GC heap before
{Heap before GC invocations=3 (full 0):
 garbage-first heap   total 260096K, used 66128K [0x0000000702600000, 0x0000000800000000)
  region size 1024K, 61 young (62464K), 5 survivors (5120K)
 Metaspace       used 29534K, capacity 30315K, committed 30384K, reserved 1077248K
  class space    used 3261K, capacity 3577K, committed 3584K, reserved 1048576K
}
Event: 2.524 GC heap after
{Heap after GC invocations=4 (full 0):
 garbage-first heap   total 260096K, used 11680K [0x0000000702600000, 0x0000000800000000)
  region size 1024K, 4 young (4096K), 4 survivors (4096K)
 Metaspace       used 29534K, capacity 30315K, committed 30384K, reserved 1077248K
  class space    used 3261K, capacity 3577K, committed 3584K, reserved 1048576K
}
Event: 3.424 GC heap before
{Heap before GC invocations=4 (full 0):
 garbage-first heap   total 260096K, used 90528K [0x0000000702600000, 0x0000000800000000)
  region size 1024K, 81 young (82944K), 4 survivors (4096K)
 Metaspace       used 34326K, capacity 35333K, committed 35504K, reserved 1081344K
  class space    used 3864K, capacity 4258K, committed 4352K, reserved 1048576K
}
Event: 3.429 GC heap after
{Heap after GC invocations=5 (full 0):
 garbage-first heap   total 260096K, used 14213K [0x0000000702600000, 0x0000000800000000)
  region size 1024K, 7 young (7168K), 7 survivors (7168K)
 Metaspace       used 34326K, capacity 35333K, committed 35504K, reserved 1081344K
  class space    used 3864K, capacity 4258K, committed 4352K, reserved 1048576K
}
Event: 3.488 GC heap before
{Heap before GC invocations=5 (full 0):
 garbage-first heap   total 260096K, used 20357K [0x0000000702600000, 0x0000000800000000)
  region size 1024K, 14 young (14336K), 7 survivors (7168K)
 Metaspace       used 34912K, capacity 35854K, committed 35920K, reserved 1081344K
  class space    used 3945K, capacity 4324K, committed 4352K, reserved 1048576K
}
Event: 3.493 GC heap after
{Heap after GC invocations=6 (full 0):
 garbage-first heap   total 260096K, used 14572K [0x0000000702600000, 0x0000000800000000)
  region size 1024K, 7 young (7168K), 7 survivors (7168K)
 Metaspace       used 34912K, capacity 35854K, committed 35920K, reserved 1081344K
  class space    used 3945K, capacity 4324K, committed 4352K, reserved 1048576K
}
Event: 5.099 GC heap before
{Heap before GC invocations=7 (full 0):
 garbage-first heap   total 260096K, used 133356K [0x0000000702600000, 0x0000000800000000)
  region size 1024K, 123 young (125952K), 7 survivors (7168K)
 Metaspace       used 49239K, capacity 50577K, committed 50640K, reserved 1093632K
  class space    used 5780K, capacity 6272K, committed 6272K, reserved 1048576K
}
Event: 5.108 GC heap after
{Heap after GC invocations=8 (full 0):
 garbage-first heap   total 260096K, used 20403K [0x0000000702600000, 0x0000000800000000)
  region size 1024K, 13 young (13312K), 13 survivors (13312K)
 Metaspace       used 49239K, capacity 50577K, committed 50640K, reserved 1093632K
  class space    used 5780K, capacity 6272K, committed 6272K, reserved 1048576K
}
Event: 6.047 GC heap before
{Heap before GC invocations=8 (full 0):
 garbage-first heap   total 260096K, used 109491K [0x0000000702600000, 0x0000000800000000)
  region size 1024K, 101 young (103424K), 13 survivors (13312K)
 Metaspace       used 58685K, capacity 60086K, committed 60240K, reserved 1101824K
  class space    used 7296K, capacity 7839K, committed 7936K, reserved 1048576K
}
Event: 6.064 GC heap after
{Heap after GC invocations=9 (full 0):
 garbage-first heap   total 260096K, used 22463K [0x0000000702600000, 0x0000000800000000)
  region size 1024K, 11 young (11264K), 11 survivors (11264K)
 Metaspace       used 58685K, capacity 60086K, committed 60240K, reserved 1101824K
  class space    used 7296K, capacity 7839K, committed 7936K, reserved 1048576K
}
Event: 10.017 GC heap before
{Heap before GC invocations=10 (full 0):
 garbage-first heap   total 260096K, used 166847K [0x0000000702600000, 0x0000000800000000)
  region size 1024K, 152 young (155648K), 11 survivors (11264K)
 Metaspace       used 66245K, capacity 68069K, committed 68304K, reserved 1107968K
  class space    used 8289K, capacity 8999K, committed 9088K, reserved 1048576K
}
Event: 10.028 GC heap after
{Heap after GC invocations=11 (full 0):
 garbage-first heap   total 260096K, used 27111K [0x0000000702600000, 0x0000000800000000)
  region size 1024K, 14 young (14336K), 14 survivors (14336K)
 Metaspace       used 66245K, capacity 68069K, committed 68304K, reserved 1107968K
  class space    used 8289K, capacity 8999K, committed 9088K, reserved 1048576K
}

